<?xml version="1.0" encoding="UTF-8"?>
<!-- Generated by org.testng.reporters.JUnitReportReporter -->
<testsuite hostname="DESKTOP-5LUQGTI" failures="0" tests="3" name="TestScripts.User" time="14.150" errors="0" timestamp="2024-01-31T20:20:55 IST" skipped="0">
  <testcase classname="TestScripts.User" name="verify_create_user" time="4.279"/>
  <testcase classname="TestScripts.User" name="verify_delete_user" time="5.552"/>
  <testcase classname="TestScripts.User" name="add_project_tothe_user" time="4.319"/>
</testsuite> <!-- TestScripts.User -->
