<?xml version="1.0" encoding="UTF-8"?>
<!-- Generated by org.testng.reporters.JUnitReportReporter -->
<testsuite hostname="DESKTOP-5LUQGTI" failures="0" tests="2" name="TestScripts.Customer1" time="47.923" errors="0" timestamp="2024-02-05T09:01:23 IST" skipped="0">
  <testcase classname="TestScripts.Customer1" name="verify_create_customer" time="16.424"/>
  <testcase classname="TestScripts.Customer1" name="verify_create_customer" time="31.499"/>
</testsuite> <!-- TestScripts.Customer1 -->
